[INFO ] 2022-01-30 00:14:34.112 [SpringApplicationShutdownHook] LocalContainerEntityManagerFactoryBean - Closing JPA EntityManagerFactory for persistence unit 'default'
[INFO ] 2022-01-30 08:40:47.109 [background-preinit] Version - HV000001: Hibernate Validator 6.2.0.Final
[INFO ] 2022-01-30 08:40:47.141 [main] PatientApplication - Starting PatientApplication using Java 1.8.0_312 on fedora with PID 5501 (/home/alex/IdeaProjects/Mediscreen/patient/build/classes/java/main started by alex in /home/alex/IdeaProjects/Mediscreen)
[INFO ] 2022-01-30 08:40:47.143 [main] PatientApplication - No active profile set, falling back to default profiles: default
[INFO ] 2022-01-30 08:40:47.662 [main] RepositoryConfigurationDelegate - Bootstrapping Spring Data JPA repositories in DEFAULT mode.
[INFO ] 2022-01-30 08:40:47.692 [main] RepositoryConfigurationDelegate - Finished Spring Data repository scanning in 25 ms. Found 1 JPA repository interfaces.
[INFO ] 2022-01-30 08:40:48.109 [main] TomcatWebServer - Tomcat initialized with port(s): 8080 (http)
[INFO ] 2022-01-30 08:40:48.158 [main] ServletWebServerApplicationContext - Root WebApplicationContext: initialization completed in 970 ms
[INFO ] 2022-01-30 08:40:48.254 [main] LogHelper - HHH000204: Processing PersistenceUnitInfo [name: default]
[INFO ] 2022-01-30 08:40:48.286 [main] Version - HHH000412: Hibernate ORM core version 5.6.4.Final
[INFO ] 2022-01-30 08:40:48.402 [main] Version - HCANN000001: Hibernate Commons Annotations {5.1.2.Final}
[INFO ] 2022-01-30 08:40:48.589 [main] Dialect - HHH000400: Using dialect: org.hibernate.dialect.PostgreSQLDialect
[INFO ] 2022-01-30 08:40:48.972 [main] JtaPlatformInitiator - HHH000490: Using JtaPlatform implementation: [org.hibernate.engine.transaction.jta.platform.internal.NoJtaPlatform]
[INFO ] 2022-01-30 08:40:48.977 [main] LocalContainerEntityManagerFactoryBean - Initialized JPA EntityManagerFactory for persistence unit 'default'
[WARN ] 2022-01-30 08:40:49.355 [main] JpaBaseConfiguration$JpaWebConfiguration - spring.jpa.open-in-view is enabled by default. Therefore, database queries may be performed during view rendering. Explicitly configure spring.jpa.open-in-view to disable this warning
[INFO ] 2022-01-30 08:40:49.704 [main] TomcatWebServer - Tomcat started on port(s): 8080 (http) with context path ''
[INFO ] 2022-01-30 08:40:49.929 [main] PatientApplication - Started PatientApplication in 2.999 seconds (JVM running for 3.427)
[INFO ] 2022-01-30 08:40:53.860 [http-nio-8080-exec-1] DispatcherServlet - Initializing Servlet 'dispatcherServlet'
[INFO ] 2022-01-30 08:40:53.862 [http-nio-8080-exec-1] DispatcherServlet - Completed initialization in 2 ms
[INFO ] 2022-01-30 11:35:41.192 [SpringApplicationShutdownHook] LocalContainerEntityManagerFactoryBean - Closing JPA EntityManagerFactory for persistence unit 'default'
[INFO ] 2022-01-30 11:35:42.751 [background-preinit] Version - HV000001: Hibernate Validator 6.2.0.Final
[INFO ] 2022-01-30 11:35:42.779 [main] PatientApplication - Starting PatientApplication using Java 1.8.0_312 on fedora with PID 8429 (/home/alex/IdeaProjects/Mediscreen/patient/build/classes/java/main started by alex in /home/alex/IdeaProjects/Mediscreen)
[INFO ] 2022-01-30 11:35:42.781 [main] PatientApplication - No active profile set, falling back to default profiles: default
[INFO ] 2022-01-30 11:35:43.245 [main] RepositoryConfigurationDelegate - Bootstrapping Spring Data JPA repositories in DEFAULT mode.
[INFO ] 2022-01-30 11:35:43.272 [main] RepositoryConfigurationDelegate - Finished Spring Data repository scanning in 22 ms. Found 1 JPA repository interfaces.
[INFO ] 2022-01-30 11:35:43.645 [main] TomcatWebServer - Tomcat initialized with port(s): 8080 (http)
[INFO ] 2022-01-30 11:35:43.692 [main] ServletWebServerApplicationContext - Root WebApplicationContext: initialization completed in 868 ms
[INFO ] 2022-01-30 11:35:43.775 [main] LogHelper - HHH000204: Processing PersistenceUnitInfo [name: default]
[INFO ] 2022-01-30 11:35:43.800 [main] Version - HHH000412: Hibernate ORM core version 5.6.4.Final
[INFO ] 2022-01-30 11:35:43.889 [main] Version - HCANN000001: Hibernate Commons Annotations {5.1.2.Final}
[INFO ] 2022-01-30 11:35:44.074 [main] Dialect - HHH000400: Using dialect: org.hibernate.dialect.PostgreSQLDialect
[INFO ] 2022-01-30 11:35:44.392 [main] JtaPlatformInitiator - HHH000490: Using JtaPlatform implementation: [org.hibernate.engine.transaction.jta.platform.internal.NoJtaPlatform]
[INFO ] 2022-01-30 11:35:44.396 [main] LocalContainerEntityManagerFactoryBean - Initialized JPA EntityManagerFactory for persistence unit 'default'
[WARN ] 2022-01-30 11:35:44.785 [main] JpaBaseConfiguration$JpaWebConfiguration - spring.jpa.open-in-view is enabled by default. Therefore, database queries may be performed during view rendering. Explicitly configure spring.jpa.open-in-view to disable this warning
[INFO ] 2022-01-30 11:35:45.078 [main] TomcatWebServer - Tomcat started on port(s): 8080 (http) with context path ''
[INFO ] 2022-01-30 11:35:45.246 [main] PatientApplication - Started PatientApplication in 2.656 seconds (JVM running for 3.035)
[INFO ] 2022-01-30 11:35:53.043 [http-nio-8080-exec-1] DispatcherServlet - Initializing Servlet 'dispatcherServlet'
[INFO ] 2022-01-30 11:35:53.044 [http-nio-8080-exec-1] DispatcherServlet - Completed initialization in 1 ms
[INFO ] 2022-01-30 11:37:17.555 [SpringApplicationShutdownHook] LocalContainerEntityManagerFactoryBean - Closing JPA EntityManagerFactory for persistence unit 'default'
[INFO ] 2022-01-30 11:37:18.994 [background-preinit] Version - HV000001: Hibernate Validator 6.2.0.Final
[INFO ] 2022-01-30 11:37:19.023 [main] PatientApplication - Starting PatientApplication using Java 1.8.0_312 on fedora with PID 8701 (/home/alex/IdeaProjects/Mediscreen/patient/build/classes/java/main started by alex in /home/alex/IdeaProjects/Mediscreen)
[INFO ] 2022-01-30 11:37:19.026 [main] PatientApplication - No active profile set, falling back to default profiles: default
[INFO ] 2022-01-30 11:37:19.525 [main] RepositoryConfigurationDelegate - Bootstrapping Spring Data JPA repositories in DEFAULT mode.
[INFO ] 2022-01-30 11:37:19.556 [main] RepositoryConfigurationDelegate - Finished Spring Data repository scanning in 25 ms. Found 1 JPA repository interfaces.
[INFO ] 2022-01-30 11:37:19.971 [main] TomcatWebServer - Tomcat initialized with port(s): 8080 (http)
[INFO ] 2022-01-30 11:37:20.018 [main] ServletWebServerApplicationContext - Root WebApplicationContext: initialization completed in 949 ms
[INFO ] 2022-01-30 11:37:20.101 [main] LogHelper - HHH000204: Processing PersistenceUnitInfo [name: default]
[INFO ] 2022-01-30 11:37:20.126 [main] Version - HHH000412: Hibernate ORM core version 5.6.4.Final
[INFO ] 2022-01-30 11:37:20.212 [main] Version - HCANN000001: Hibernate Commons Annotations {5.1.2.Final}
[INFO ] 2022-01-30 11:37:20.369 [main] Dialect - HHH000400: Using dialect: org.hibernate.dialect.PostgreSQLDialect
[INFO ] 2022-01-30 11:37:20.681 [main] JtaPlatformInitiator - HHH000490: Using JtaPlatform implementation: [org.hibernate.engine.transaction.jta.platform.internal.NoJtaPlatform]
[INFO ] 2022-01-30 11:37:20.685 [main] LocalContainerEntityManagerFactoryBean - Initialized JPA EntityManagerFactory for persistence unit 'default'
[WARN ] 2022-01-30 11:37:21.084 [main] JpaBaseConfiguration$JpaWebConfiguration - spring.jpa.open-in-view is enabled by default. Therefore, database queries may be performed during view rendering. Explicitly configure spring.jpa.open-in-view to disable this warning
[INFO ] 2022-01-30 11:37:21.413 [main] TomcatWebServer - Tomcat started on port(s): 8080 (http) with context path ''
[INFO ] 2022-01-30 11:37:21.570 [main] PatientApplication - Started PatientApplication in 2.75 seconds (JVM running for 3.182)
[INFO ] 2022-01-30 11:37:52.922 [SpringApplicationShutdownHook] LocalContainerEntityManagerFactoryBean - Closing JPA EntityManagerFactory for persistence unit 'default'
[INFO ] 2022-01-30 11:37:54.287 [background-preinit] Version - HV000001: Hibernate Validator 6.2.0.Final
[INFO ] 2022-01-30 11:37:54.312 [main] PatientApplication - Starting PatientApplication using Java 1.8.0_312 on fedora with PID 8862 (/home/alex/IdeaProjects/Mediscreen/patient/build/classes/java/main started by alex in /home/alex/IdeaProjects/Mediscreen)
[INFO ] 2022-01-30 11:37:54.314 [main] PatientApplication - No active profile set, falling back to default profiles: default
[INFO ] 2022-01-30 11:37:54.813 [main] RepositoryConfigurationDelegate - Bootstrapping Spring Data JPA repositories in DEFAULT mode.
[INFO ] 2022-01-30 11:37:54.841 [main] RepositoryConfigurationDelegate - Finished Spring Data repository scanning in 21 ms. Found 1 JPA repository interfaces.
[INFO ] 2022-01-30 11:37:55.253 [main] TomcatWebServer - Tomcat initialized with port(s): 8080 (http)
[INFO ] 2022-01-30 11:37:55.304 [main] ServletWebServerApplicationContext - Root WebApplicationContext: initialization completed in 960 ms
[INFO ] 2022-01-30 11:37:55.396 [main] LogHelper - HHH000204: Processing PersistenceUnitInfo [name: default]
[INFO ] 2022-01-30 11:37:55.423 [main] Version - HHH000412: Hibernate ORM core version 5.6.4.Final
[INFO ] 2022-01-30 11:37:55.510 [main] Version - HCANN000001: Hibernate Commons Annotations {5.1.2.Final}
[INFO ] 2022-01-30 11:37:55.676 [main] Dialect - HHH000400: Using dialect: org.hibernate.dialect.PostgreSQLDialect
[INFO ] 2022-01-30 11:37:56.008 [main] JtaPlatformInitiator - HHH000490: Using JtaPlatform implementation: [org.hibernate.engine.transaction.jta.platform.internal.NoJtaPlatform]
[INFO ] 2022-01-30 11:37:56.012 [main] LocalContainerEntityManagerFactoryBean - Initialized JPA EntityManagerFactory for persistence unit 'default'
[WARN ] 2022-01-30 11:37:56.403 [main] JpaBaseConfiguration$JpaWebConfiguration - spring.jpa.open-in-view is enabled by default. Therefore, database queries may be performed during view rendering. Explicitly configure spring.jpa.open-in-view to disable this warning
[INFO ] 2022-01-30 11:37:56.732 [main] TomcatWebServer - Tomcat started on port(s): 8080 (http) with context path ''
[INFO ] 2022-01-30 11:37:56.918 [main] PatientApplication - Started PatientApplication in 2.812 seconds (JVM running for 3.3)
[INFO ] 2022-01-30 11:38:04.924 [http-nio-8080-exec-1] DispatcherServlet - Initializing Servlet 'dispatcherServlet'
[INFO ] 2022-01-30 11:38:04.925 [http-nio-8080-exec-1] DispatcherServlet - Completed initialization in 1 ms
[INFO ] 2022-01-30 11:41:19.231 [SpringApplicationShutdownHook] LocalContainerEntityManagerFactoryBean - Closing JPA EntityManagerFactory for persistence unit 'default'
[INFO ] 2022-01-30 11:41:20.469 [background-preinit] Version - HV000001: Hibernate Validator 6.2.0.Final
[INFO ] 2022-01-30 11:41:20.492 [main] PatientApplication - Starting PatientApplication using Java 1.8.0_312 on fedora with PID 9105 (/home/alex/IdeaProjects/Mediscreen/patient/build/classes/java/main started by alex in /home/alex/IdeaProjects/Mediscreen)
[INFO ] 2022-01-30 11:41:20.494 [main] PatientApplication - No active profile set, falling back to default profiles: default
[INFO ] 2022-01-30 11:41:20.987 [main] RepositoryConfigurationDelegate - Bootstrapping Spring Data JPA repositories in DEFAULT mode.
[INFO ] 2022-01-30 11:41:21.017 [main] RepositoryConfigurationDelegate - Finished Spring Data repository scanning in 23 ms. Found 1 JPA repository interfaces.
[INFO ] 2022-01-30 11:41:21.384 [main] TomcatWebServer - Tomcat initialized with port(s): 8080 (http)
[INFO ] 2022-01-30 11:41:21.435 [main] ServletWebServerApplicationContext - Root WebApplicationContext: initialization completed in 921 ms
[INFO ] 2022-01-30 11:41:21.518 [main] LogHelper - HHH000204: Processing PersistenceUnitInfo [name: default]
[INFO ] 2022-01-30 11:41:21.543 [main] Version - HHH000412: Hibernate ORM core version 5.6.4.Final
[INFO ] 2022-01-30 11:41:21.631 [main] Version - HCANN000001: Hibernate Commons Annotations {5.1.2.Final}
[INFO ] 2022-01-30 11:41:21.784 [main] Dialect - HHH000400: Using dialect: org.hibernate.dialect.PostgreSQLDialect
[INFO ] 2022-01-30 11:41:22.147 [main] JtaPlatformInitiator - HHH000490: Using JtaPlatform implementation: [org.hibernate.engine.transaction.jta.platform.internal.NoJtaPlatform]
[INFO ] 2022-01-30 11:41:22.153 [main] LocalContainerEntityManagerFactoryBean - Initialized JPA EntityManagerFactory for persistence unit 'default'
[WARN ] 2022-01-30 11:41:22.597 [main] JpaBaseConfiguration$JpaWebConfiguration - spring.jpa.open-in-view is enabled by default. Therefore, database queries may be performed during view rendering. Explicitly configure spring.jpa.open-in-view to disable this warning
[INFO ] 2022-01-30 11:41:22.972 [main] TomcatWebServer - Tomcat started on port(s): 8080 (http) with context path ''
[INFO ] 2022-01-30 11:41:23.167 [main] PatientApplication - Started PatientApplication in 2.864 seconds (JVM running for 3.316)
[INFO ] 2022-01-30 11:42:02.751 [http-nio-8080-exec-1] DispatcherServlet - Initializing Servlet 'dispatcherServlet'
[INFO ] 2022-01-30 11:42:02.752 [http-nio-8080-exec-1] DispatcherServlet - Completed initialization in 1 ms
[INFO ] 2022-01-30 11:42:27.947 [SpringApplicationShutdownHook] LocalContainerEntityManagerFactoryBean - Closing JPA EntityManagerFactory for persistence unit 'default'
[INFO ] 2022-01-30 11:42:29.092 [background-preinit] Version - HV000001: Hibernate Validator 6.2.0.Final
[INFO ] 2022-01-30 11:42:29.118 [main] PatientApplication - Starting PatientApplication using Java 1.8.0_312 on fedora with PID 9294 (/home/alex/IdeaProjects/Mediscreen/patient/build/classes/java/main started by alex in /home/alex/IdeaProjects/Mediscreen)
[INFO ] 2022-01-30 11:42:29.120 [main] PatientApplication - No active profile set, falling back to default profiles: default
[INFO ] 2022-01-30 11:42:29.629 [main] RepositoryConfigurationDelegate - Bootstrapping Spring Data JPA repositories in DEFAULT mode.
[INFO ] 2022-01-30 11:42:29.654 [main] RepositoryConfigurationDelegate - Finished Spring Data repository scanning in 20 ms. Found 1 JPA repository interfaces.
[INFO ] 2022-01-30 11:42:30.015 [main] TomcatWebServer - Tomcat initialized with port(s): 8080 (http)
[INFO ] 2022-01-30 11:42:30.065 [main] ServletWebServerApplicationContext - Root WebApplicationContext: initialization completed in 925 ms
[INFO ] 2022-01-30 11:42:30.146 [main] LogHelper - HHH000204: Processing PersistenceUnitInfo [name: default]
[INFO ] 2022-01-30 11:42:30.171 [main] Version - HHH000412: Hibernate ORM core version 5.6.4.Final
[INFO ] 2022-01-30 11:42:30.260 [main] Version - HCANN000001: Hibernate Commons Annotations {5.1.2.Final}
[INFO ] 2022-01-30 11:42:30.435 [main] Dialect - HHH000400: Using dialect: org.hibernate.dialect.PostgreSQLDialect
[INFO ] 2022-01-30 11:42:30.740 [main] JtaPlatformInitiator - HHH000490: Using JtaPlatform implementation: [org.hibernate.engine.transaction.jta.platform.internal.NoJtaPlatform]
[INFO ] 2022-01-30 11:42:30.745 [main] LocalContainerEntityManagerFactoryBean - Initialized JPA EntityManagerFactory for persistence unit 'default'
[WARN ] 2022-01-30 11:42:31.105 [main] JpaBaseConfiguration$JpaWebConfiguration - spring.jpa.open-in-view is enabled by default. Therefore, database queries may be performed during view rendering. Explicitly configure spring.jpa.open-in-view to disable this warning
[INFO ] 2022-01-30 11:42:31.409 [main] TomcatWebServer - Tomcat started on port(s): 8080 (http) with context path ''
[INFO ] 2022-01-30 11:42:31.595 [main] PatientApplication - Started PatientApplication in 2.664 seconds (JVM running for 3.138)
[INFO ] 2022-01-30 11:42:34.251 [http-nio-8080-exec-1] DispatcherServlet - Initializing Servlet 'dispatcherServlet'
[INFO ] 2022-01-30 11:42:34.252 [http-nio-8080-exec-1] DispatcherServlet - Completed initialization in 1 ms
[INFO ] 2022-01-30 11:43:04.175 [SpringApplicationShutdownHook] LocalContainerEntityManagerFactoryBean - Closing JPA EntityManagerFactory for persistence unit 'default'
[INFO ] 2022-01-30 11:43:05.375 [background-preinit] Version - HV000001: Hibernate Validator 6.2.0.Final
[INFO ] 2022-01-30 11:43:05.400 [main] PatientApplication - Starting PatientApplication using Java 1.8.0_312 on fedora with PID 9461 (/home/alex/IdeaProjects/Mediscreen/patient/build/classes/java/main started by alex in /home/alex/IdeaProjects/Mediscreen)
[INFO ] 2022-01-30 11:43:05.402 [main] PatientApplication - No active profile set, falling back to default profiles: default
[INFO ] 2022-01-30 11:43:05.853 [main] RepositoryConfigurationDelegate - Bootstrapping Spring Data JPA repositories in DEFAULT mode.
[INFO ] 2022-01-30 11:43:05.883 [main] RepositoryConfigurationDelegate - Finished Spring Data repository scanning in 24 ms. Found 1 JPA repository interfaces.
[INFO ] 2022-01-30 11:43:06.269 [main] TomcatWebServer - Tomcat initialized with port(s): 8080 (http)
[INFO ] 2022-01-30 11:43:06.320 [main] ServletWebServerApplicationContext - Root WebApplicationContext: initialization completed in 873 ms
[INFO ] 2022-01-30 11:43:06.430 [main] LogHelper - HHH000204: Processing PersistenceUnitInfo [name: default]
[INFO ] 2022-01-30 11:43:06.459 [main] Version - HHH000412: Hibernate ORM core version 5.6.4.Final
[INFO ] 2022-01-30 11:43:06.547 [main] Version - HCANN000001: Hibernate Commons Annotations {5.1.2.Final}
[INFO ] 2022-01-30 11:43:06.710 [main] Dialect - HHH000400: Using dialect: org.hibernate.dialect.PostgreSQLDialect
[INFO ] 2022-01-30 11:43:07.052 [main] JtaPlatformInitiator - HHH000490: Using JtaPlatform implementation: [org.hibernate.engine.transaction.jta.platform.internal.NoJtaPlatform]
[INFO ] 2022-01-30 11:43:07.058 [main] LocalContainerEntityManagerFactoryBean - Initialized JPA EntityManagerFactory for persistence unit 'default'
[WARN ] 2022-01-30 11:43:07.404 [main] JpaBaseConfiguration$JpaWebConfiguration - spring.jpa.open-in-view is enabled by default. Therefore, database queries may be performed during view rendering. Explicitly configure spring.jpa.open-in-view to disable this warning
[INFO ] 2022-01-30 11:43:07.720 [main] TomcatWebServer - Tomcat started on port(s): 8080 (http) with context path ''
[INFO ] 2022-01-30 11:43:07.909 [main] PatientApplication - Started PatientApplication in 2.704 seconds (JVM running for 3.179)
[INFO ] 2022-01-30 11:43:10.258 [http-nio-8080-exec-1] DispatcherServlet - Initializing Servlet 'dispatcherServlet'
[INFO ] 2022-01-30 11:43:10.259 [http-nio-8080-exec-1] DispatcherServlet - Completed initialization in 1 ms
[INFO ] 2022-01-30 11:45:02.807 [SpringApplicationShutdownHook] LocalContainerEntityManagerFactoryBean - Closing JPA EntityManagerFactory for persistence unit 'default'
[INFO ] 2022-01-30 11:45:03.973 [background-preinit] Version - HV000001: Hibernate Validator 6.2.0.Final
[INFO ] 2022-01-30 11:45:03.998 [main] PatientApplication - Starting PatientApplication using Java 1.8.0_312 on fedora with PID 9663 (/home/alex/IdeaProjects/Mediscreen/patient/build/classes/java/main started by alex in /home/alex/IdeaProjects/Mediscreen)
[INFO ] 2022-01-30 11:45:04.000 [main] PatientApplication - No active profile set, falling back to default profiles: default
[INFO ] 2022-01-30 11:45:04.449 [main] RepositoryConfigurationDelegate - Bootstrapping Spring Data JPA repositories in DEFAULT mode.
[INFO ] 2022-01-30 11:45:04.479 [main] RepositoryConfigurationDelegate - Finished Spring Data repository scanning in 24 ms. Found 1 JPA repository interfaces.
[INFO ] 2022-01-30 11:45:04.859 [main] TomcatWebServer - Tomcat initialized with port(s): 8080 (http)
[INFO ] 2022-01-30 11:45:04.907 [main] ServletWebServerApplicationContext - Root WebApplicationContext: initialization completed in 887 ms
[INFO ] 2022-01-30 11:45:04.992 [main] LogHelper - HHH000204: Processing PersistenceUnitInfo [name: default]
[INFO ] 2022-01-30 11:45:05.017 [main] Version - HHH000412: Hibernate ORM core version 5.6.4.Final
[INFO ] 2022-01-30 11:45:05.101 [main] Version - HCANN000001: Hibernate Commons Annotations {5.1.2.Final}
[INFO ] 2022-01-30 11:45:05.290 [main] Dialect - HHH000400: Using dialect: org.hibernate.dialect.PostgreSQLDialect
[INFO ] 2022-01-30 11:45:05.599 [main] JtaPlatformInitiator - HHH000490: Using JtaPlatform implementation: [org.hibernate.engine.transaction.jta.platform.internal.NoJtaPlatform]
[INFO ] 2022-01-30 11:45:05.604 [main] LocalContainerEntityManagerFactoryBean - Initialized JPA EntityManagerFactory for persistence unit 'default'
[WARN ] 2022-01-30 11:45:05.947 [main] JpaBaseConfiguration$JpaWebConfiguration - spring.jpa.open-in-view is enabled by default. Therefore, database queries may be performed during view rendering. Explicitly configure spring.jpa.open-in-view to disable this warning
[INFO ] 2022-01-30 11:45:06.241 [main] TomcatWebServer - Tomcat started on port(s): 8080 (http) with context path ''
[INFO ] 2022-01-30 11:45:06.406 [main] PatientApplication - Started PatientApplication in 2.6 seconds (JVM running for 3.058)
[INFO ] 2022-01-30 11:45:16.437 [http-nio-8080-exec-1] DispatcherServlet - Initializing Servlet 'dispatcherServlet'
[INFO ] 2022-01-30 11:45:16.439 [http-nio-8080-exec-1] DispatcherServlet - Completed initialization in 1 ms
[INFO ] 2022-01-30 11:47:12.612 [SpringApplicationShutdownHook] LocalContainerEntityManagerFactoryBean - Closing JPA EntityManagerFactory for persistence unit 'default'
[INFO ] 2022-01-30 11:48:33.938 [background-preinit] Version - HV000001: Hibernate Validator 6.2.0.Final
[INFO ] 2022-01-30 11:48:33.965 [main] PatientApplication - Starting PatientApplication using Java 1.8.0_312 on fedora with PID 11113 (/home/alex/IdeaProjects/Mediscreen/patient/build/classes/java/main started by alex in /home/alex/IdeaProjects/Mediscreen)
[INFO ] 2022-01-30 11:48:33.967 [main] PatientApplication - No active profile set, falling back to default profiles: default
[INFO ] 2022-01-30 11:48:34.495 [main] RepositoryConfigurationDelegate - Bootstrapping Spring Data JPA repositories in DEFAULT mode.
[INFO ] 2022-01-30 11:48:34.522 [main] RepositoryConfigurationDelegate - Finished Spring Data repository scanning in 22 ms. Found 1 JPA repository interfaces.
[INFO ] 2022-01-30 11:48:34.940 [main] TomcatWebServer - Tomcat initialized with port(s): 8080 (http)
[INFO ] 2022-01-30 11:48:34.986 [main] ServletWebServerApplicationContext - Root WebApplicationContext: initialization completed in 990 ms
[INFO ] 2022-01-30 11:48:35.077 [main] LogHelper - HHH000204: Processing PersistenceUnitInfo [name: default]
[INFO ] 2022-01-30 11:48:35.103 [main] Version - HHH000412: Hibernate ORM core version 5.6.4.Final
[INFO ] 2022-01-30 11:48:35.191 [main] Version - HCANN000001: Hibernate Commons Annotations {5.1.2.Final}
[INFO ] 2022-01-30 11:48:35.364 [main] Dialect - HHH000400: Using dialect: org.hibernate.dialect.PostgreSQLDialect
[INFO ] 2022-01-30 11:48:35.742 [main] JtaPlatformInitiator - HHH000490: Using JtaPlatform implementation: [org.hibernate.engine.transaction.jta.platform.internal.NoJtaPlatform]
[INFO ] 2022-01-30 11:48:35.747 [main] LocalContainerEntityManagerFactoryBean - Initialized JPA EntityManagerFactory for persistence unit 'default'
[WARN ] 2022-01-30 11:48:36.139 [main] JpaBaseConfiguration$JpaWebConfiguration - spring.jpa.open-in-view is enabled by default. Therefore, database queries may be performed during view rendering. Explicitly configure spring.jpa.open-in-view to disable this warning
[INFO ] 2022-01-30 11:48:36.466 [main] TomcatWebServer - Tomcat started on port(s): 8080 (http) with context path ''
[INFO ] 2022-01-30 11:48:36.634 [main] PatientApplication - Started PatientApplication in 2.87 seconds (JVM running for 3.249)
[INFO ] 2022-01-30 11:49:08.591 [http-nio-8080-exec-1] DispatcherServlet - Initializing Servlet 'dispatcherServlet'
[INFO ] 2022-01-30 11:49:08.592 [http-nio-8080-exec-1] DispatcherServlet - Completed initialization in 1 ms
[WARN ] 2022-01-30 12:46:34.396 [http-nio-8080-exec-9] DefaultHandlerExceptionResolver - Resolved [org.springframework.web.HttpRequestMethodNotSupportedException: Request method 'POST' not supported]
[INFO ] 2022-01-30 13:09:26.024 [SpringApplicationShutdownHook] LocalContainerEntityManagerFactoryBean - Closing JPA EntityManagerFactory for persistence unit 'default'
[INFO ] 2022-01-30 13:09:27.505 [background-preinit] Version - HV000001: Hibernate Validator 6.2.0.Final
[INFO ] 2022-01-30 13:09:27.533 [main] PatientApplication - Starting PatientApplication using Java 1.8.0_312 on fedora with PID 14405 (/home/alex/IdeaProjects/Mediscreen/patient/build/classes/java/main started by alex in /home/alex/IdeaProjects/Mediscreen)
[INFO ] 2022-01-30 13:09:27.534 [main] PatientApplication - No active profile set, falling back to default profiles: default
[INFO ] 2022-01-30 13:09:27.989 [main] RepositoryConfigurationDelegate - Bootstrapping Spring Data JPA repositories in DEFAULT mode.
[INFO ] 2022-01-30 13:09:28.018 [main] RepositoryConfigurationDelegate - Finished Spring Data repository scanning in 24 ms. Found 1 JPA repository interfaces.
[INFO ] 2022-01-30 13:09:28.396 [main] TomcatWebServer - Tomcat initialized with port(s): 8080 (http)
[INFO ] 2022-01-30 13:09:28.455 [main] ServletWebServerApplicationContext - Root WebApplicationContext: initialization completed in 879 ms
[INFO ] 2022-01-30 13:09:28.549 [main] LogHelper - HHH000204: Processing PersistenceUnitInfo [name: default]
[INFO ] 2022-01-30 13:09:28.575 [main] Version - HHH000412: Hibernate ORM core version 5.6.4.Final
[INFO ] 2022-01-30 13:09:28.667 [main] Version - HCANN000001: Hibernate Commons Annotations {5.1.2.Final}
[INFO ] 2022-01-30 13:09:28.836 [main] Dialect - HHH000400: Using dialect: org.hibernate.dialect.PostgreSQLDialect
[INFO ] 2022-01-30 13:09:29.181 [main] JtaPlatformInitiator - HHH000490: Using JtaPlatform implementation: [org.hibernate.engine.transaction.jta.platform.internal.NoJtaPlatform]
[INFO ] 2022-01-30 13:09:29.186 [main] LocalContainerEntityManagerFactoryBean - Initialized JPA EntityManagerFactory for persistence unit 'default'
[WARN ] 2022-01-30 13:09:29.641 [main] JpaBaseConfiguration$JpaWebConfiguration - spring.jpa.open-in-view is enabled by default. Therefore, database queries may be performed during view rendering. Explicitly configure spring.jpa.open-in-view to disable this warning
[INFO ] 2022-01-30 13:09:29.917 [main] TomcatWebServer - Tomcat started on port(s): 8080 (http) with context path ''
[INFO ] 2022-01-30 13:09:30.095 [main] PatientApplication - Started PatientApplication in 2.764 seconds (JVM running for 3.216)
[INFO ] 2022-01-30 13:09:30.105 [SpringApplicationShutdownHook] LocalContainerEntityManagerFactoryBean - Closing JPA EntityManagerFactory for persistence unit 'default'
[INFO ] 2022-01-30 13:09:31.340 [background-preinit] Version - HV000001: Hibernate Validator 6.2.0.Final
[INFO ] 2022-01-30 13:09:31.365 [main] PatientApplication - Starting PatientApplication using Java 1.8.0_312 on fedora with PID 14557 (/home/alex/IdeaProjects/Mediscreen/patient/build/classes/java/main started by alex in /home/alex/IdeaProjects/Mediscreen)
[INFO ] 2022-01-30 13:09:31.367 [main] PatientApplication - No active profile set, falling back to default profiles: default
[INFO ] 2022-01-30 13:09:31.836 [main] RepositoryConfigurationDelegate - Bootstrapping Spring Data JPA repositories in DEFAULT mode.
[INFO ] 2022-01-30 13:09:31.863 [main] RepositoryConfigurationDelegate - Finished Spring Data repository scanning in 21 ms. Found 1 JPA repository interfaces.
[INFO ] 2022-01-30 13:09:32.256 [main] TomcatWebServer - Tomcat initialized with port(s): 8080 (http)
[INFO ] 2022-01-30 13:09:32.306 [main] ServletWebServerApplicationContext - Root WebApplicationContext: initialization completed in 895 ms
[INFO ] 2022-01-30 13:09:32.411 [main] LogHelper - HHH000204: Processing PersistenceUnitInfo [name: default]
[INFO ] 2022-01-30 13:09:32.438 [main] Version - HHH000412: Hibernate ORM core version 5.6.4.Final
[INFO ] 2022-01-30 13:09:32.533 [main] Version - HCANN000001: Hibernate Commons Annotations {5.1.2.Final}
[INFO ] 2022-01-30 13:09:32.704 [main] Dialect - HHH000400: Using dialect: org.hibernate.dialect.PostgreSQLDialect
[INFO ] 2022-01-30 13:09:33.024 [main] JtaPlatformInitiator - HHH000490: Using JtaPlatform implementation: [org.hibernate.engine.transaction.jta.platform.internal.NoJtaPlatform]
[INFO ] 2022-01-30 13:09:33.028 [main] LocalContainerEntityManagerFactoryBean - Initialized JPA EntityManagerFactory for persistence unit 'default'
[WARN ] 2022-01-30 13:09:33.437 [main] JpaBaseConfiguration$JpaWebConfiguration - spring.jpa.open-in-view is enabled by default. Therefore, database queries may be performed during view rendering. Explicitly configure spring.jpa.open-in-view to disable this warning
[INFO ] 2022-01-30 13:09:33.758 [main] TomcatWebServer - Tomcat started on port(s): 8080 (http) with context path ''
[INFO ] 2022-01-30 13:09:33.946 [main] PatientApplication - Started PatientApplication in 2.789 seconds (JVM running for 3.237)
[INFO ] 2022-01-30 13:09:37.833 [SpringApplicationShutdownHook] LocalContainerEntityManagerFactoryBean - Closing JPA EntityManagerFactory for persistence unit 'default'
[INFO ] 2022-01-30 13:12:05.176 [background-preinit] Version - HV000001: Hibernate Validator 6.2.0.Final
[INFO ] 2022-01-30 13:12:05.203 [main] PatientApplication - Starting PatientApplication using Java 1.8.0_312 on fedora with PID 14793 (/home/alex/IdeaProjects/Mediscreen/patient/build/classes/java/main started by alex in /home/alex/IdeaProjects/Mediscreen)
[INFO ] 2022-01-30 13:12:05.204 [main] PatientApplication - No active profile set, falling back to default profiles: default
[INFO ] 2022-01-30 13:12:05.727 [main] RepositoryConfigurationDelegate - Bootstrapping Spring Data JPA repositories in DEFAULT mode.
[INFO ] 2022-01-30 13:12:05.753 [main] RepositoryConfigurationDelegate - Finished Spring Data repository scanning in 21 ms. Found 1 JPA repository interfaces.
[INFO ] 2022-01-30 13:12:06.138 [main] TomcatWebServer - Tomcat initialized with port(s): 8080 (http)
[INFO ] 2022-01-30 13:12:06.191 [main] ServletWebServerApplicationContext - Root WebApplicationContext: initialization completed in 938 ms
[INFO ] 2022-01-30 13:12:06.285 [main] LogHelper - HHH000204: Processing PersistenceUnitInfo [name: default]
[INFO ] 2022-01-30 13:12:06.312 [main] Version - HHH000412: Hibernate ORM core version 5.6.4.Final
[INFO ] 2022-01-30 13:12:06.400 [main] Version - HCANN000001: Hibernate Commons Annotations {5.1.2.Final}
[INFO ] 2022-01-30 13:12:06.561 [main] Dialect - HHH000400: Using dialect: org.hibernate.dialect.PostgreSQLDialect
[INFO ] 2022-01-30 13:12:06.876 [main] JtaPlatformInitiator - HHH000490: Using JtaPlatform implementation: [org.hibernate.engine.transaction.jta.platform.internal.NoJtaPlatform]
[INFO ] 2022-01-30 13:12:06.881 [main] LocalContainerEntityManagerFactoryBean - Initialized JPA EntityManagerFactory for persistence unit 'default'
[WARN ] 2022-01-30 13:12:07.239 [main] JpaBaseConfiguration$JpaWebConfiguration - spring.jpa.open-in-view is enabled by default. Therefore, database queries may be performed during view rendering. Explicitly configure spring.jpa.open-in-view to disable this warning
[INFO ] 2022-01-30 13:12:07.534 [main] TomcatWebServer - Tomcat started on port(s): 8080 (http) with context path ''
[INFO ] 2022-01-30 13:12:07.700 [main] PatientApplication - Started PatientApplication in 2.703 seconds (JVM running for 3.073)
[INFO ] 2022-01-30 13:12:17.928 [http-nio-8080-exec-2] DispatcherServlet - Initializing Servlet 'dispatcherServlet'
[INFO ] 2022-01-30 13:12:17.929 [http-nio-8080-exec-2] DispatcherServlet - Completed initialization in 1 ms
[WARN ] 2022-01-30 13:12:17.939 [http-nio-8080-exec-2] DefaultHandlerExceptionResolver - Resolved [org.springframework.web.HttpRequestMethodNotSupportedException: Request method 'GET' not supported]
[WARN ] 2022-01-30 13:12:22.336 [http-nio-8080-exec-3] DefaultHandlerExceptionResolver - Resolved [org.springframework.web.bind.MissingServletRequestParameterException: Required request parameter 'id' for method parameter type Integer is not present]
[WARN ] 2022-01-30 13:15:36.735 [http-nio-8080-exec-8] DefaultHandlerExceptionResolver - Resolved [org.springframework.web.bind.MissingServletRequestParameterException: Required request parameter 'id' for method parameter type Integer is not present]
[WARN ] 2022-01-30 13:15:38.861 [http-nio-8080-exec-10] DefaultHandlerExceptionResolver - Resolved [org.springframework.web.bind.MissingServletRequestParameterException: Required request parameter 'id' for method parameter type Integer is not present]
[WARN ] 2022-01-30 13:16:22.394 [http-nio-8080-exec-2] DefaultHandlerExceptionResolver - Resolved [org.springframework.web.bind.MissingServletRequestParameterException: Required request parameter 'id' for method parameter type Integer is not present]
[INFO ] 2022-01-30 13:18:25.080 [SpringApplicationShutdownHook] LocalContainerEntityManagerFactoryBean - Closing JPA EntityManagerFactory for persistence unit 'default'
[INFO ] 2022-01-30 13:18:26.512 [background-preinit] Version - HV000001: Hibernate Validator 6.2.0.Final
[INFO ] 2022-01-30 13:18:26.535 [main] PatientApplication - Starting PatientApplication using Java 1.8.0_312 on fedora with PID 15137 (/home/alex/IdeaProjects/Mediscreen/patient/build/classes/java/main started by alex in /home/alex/IdeaProjects/Mediscreen)
[INFO ] 2022-01-30 13:18:26.537 [main] PatientApplication - No active profile set, falling back to default profiles: default
[INFO ] 2022-01-30 13:18:27.064 [main] RepositoryConfigurationDelegate - Bootstrapping Spring Data JPA repositories in DEFAULT mode.
[INFO ] 2022-01-30 13:18:27.094 [main] RepositoryConfigurationDelegate - Finished Spring Data repository scanning in 24 ms. Found 1 JPA repository interfaces.
[INFO ] 2022-01-30 13:18:27.482 [main] TomcatWebServer - Tomcat initialized with port(s): 8080 (http)
[INFO ] 2022-01-30 13:18:27.532 [main] ServletWebServerApplicationContext - Root WebApplicationContext: initialization completed in 966 ms
[INFO ] 2022-01-30 13:18:27.617 [main] LogHelper - HHH000204: Processing PersistenceUnitInfo [name: default]
[INFO ] 2022-01-30 13:18:27.642 [main] Version - HHH000412: Hibernate ORM core version 5.6.4.Final
[INFO ] 2022-01-30 13:18:27.729 [main] Version - HCANN000001: Hibernate Commons Annotations {5.1.2.Final}
[INFO ] 2022-01-30 13:18:27.887 [main] Dialect - HHH000400: Using dialect: org.hibernate.dialect.PostgreSQLDialect
[INFO ] 2022-01-30 13:18:28.211 [main] JtaPlatformInitiator - HHH000490: Using JtaPlatform implementation: [org.hibernate.engine.transaction.jta.platform.internal.NoJtaPlatform]
[INFO ] 2022-01-30 13:18:28.215 [main] LocalContainerEntityManagerFactoryBean - Initialized JPA EntityManagerFactory for persistence unit 'default'
[WARN ] 2022-01-30 13:18:28.567 [main] JpaBaseConfiguration$JpaWebConfiguration - spring.jpa.open-in-view is enabled by default. Therefore, database queries may be performed during view rendering. Explicitly configure spring.jpa.open-in-view to disable this warning
[INFO ] 2022-01-30 13:18:28.879 [main] TomcatWebServer - Tomcat started on port(s): 8080 (http) with context path ''
[INFO ] 2022-01-30 13:18:29.055 [main] PatientApplication - Started PatientApplication in 2.723 seconds (JVM running for 3.102)
[INFO ] 2022-01-30 13:18:34.388 [http-nio-8080-exec-2] DispatcherServlet - Initializing Servlet 'dispatcherServlet'
[INFO ] 2022-01-30 13:18:34.390 [http-nio-8080-exec-2] DispatcherServlet - Completed initialization in 2 ms
[INFO ] 2022-01-30 13:31:42.555 [SpringApplicationShutdownHook] LocalContainerEntityManagerFactoryBean - Closing JPA EntityManagerFactory for persistence unit 'default'
[INFO ] 2022-01-30 13:32:42.945 [background-preinit] Version - HV000001: Hibernate Validator 6.2.0.Final
[INFO ] 2022-01-30 13:32:42.980 [main] PatientApplication - Starting PatientApplication using Java 1.8.0_312 on fedora with PID 16924 (/home/alex/IdeaProjects/Mediscreen/patient/build/classes/java/main started by alex in /home/alex/IdeaProjects/Mediscreen)
[INFO ] 2022-01-30 13:32:42.982 [main] PatientApplication - No active profile set, falling back to default profiles: default
[INFO ] 2022-01-30 13:32:43.537 [main] RepositoryConfigurationDelegate - Bootstrapping Spring Data JPA repositories in DEFAULT mode.
[INFO ] 2022-01-30 13:32:43.573 [main] RepositoryConfigurationDelegate - Finished Spring Data repository scanning in 30 ms. Found 1 JPA repository interfaces.
[INFO ] 2022-01-30 13:32:43.997 [main] TomcatWebServer - Tomcat initialized with port(s): 8080 (http)
[INFO ] 2022-01-30 13:32:44.053 [main] ServletWebServerApplicationContext - Root WebApplicationContext: initialization completed in 1010 ms
[INFO ] 2022-01-30 13:32:44.162 [main] LogHelper - HHH000204: Processing PersistenceUnitInfo [name: default]
[INFO ] 2022-01-30 13:32:44.200 [main] Version - HHH000412: Hibernate ORM core version 5.6.4.Final
[INFO ] 2022-01-30 13:32:44.313 [main] Version - HCANN000001: Hibernate Commons Annotations {5.1.2.Final}
[INFO ] 2022-01-30 13:32:44.478 [main] Dialect - HHH000400: Using dialect: org.hibernate.dialect.PostgreSQLDialect
[INFO ] 2022-01-30 13:32:44.819 [main] JtaPlatformInitiator - HHH000490: Using JtaPlatform implementation: [org.hibernate.engine.transaction.jta.platform.internal.NoJtaPlatform]
[INFO ] 2022-01-30 13:32:44.823 [main] LocalContainerEntityManagerFactoryBean - Initialized JPA EntityManagerFactory for persistence unit 'default'
[WARN ] 2022-01-30 13:32:45.248 [main] JpaBaseConfiguration$JpaWebConfiguration - spring.jpa.open-in-view is enabled by default. Therefore, database queries may be performed during view rendering. Explicitly configure spring.jpa.open-in-view to disable this warning
[INFO ] 2022-01-30 13:32:45.577 [main] TomcatWebServer - Tomcat started on port(s): 8080 (http) with context path ''
[INFO ] 2022-01-30 13:32:45.740 [main] PatientApplication - Started PatientApplication in 2.995 seconds (JVM running for 3.401)
[INFO ] 2022-01-30 13:32:59.725 [http-nio-8080-exec-1] DispatcherServlet - Initializing Servlet 'dispatcherServlet'
[INFO ] 2022-01-30 13:32:59.728 [http-nio-8080-exec-1] DispatcherServlet - Completed initialization in 2 ms
[INFO ] 2022-01-30 13:45:52.317 [SpringApplicationShutdownHook] LocalContainerEntityManagerFactoryBean - Closing JPA EntityManagerFactory for persistence unit 'default'
[INFO ] 2022-01-30 13:47:10.969 [background-preinit] Version - HV000001: Hibernate Validator 6.2.0.Final
[INFO ] 2022-01-30 13:47:10.990 [main] PatientApplication - Starting PatientApplication using Java 1.8.0_312 on fedora with PID 19079 (/home/alex/IdeaProjects/Mediscreen/patient/build/classes/java/main started by alex in /home/alex/IdeaProjects/Mediscreen)
[INFO ] 2022-01-30 13:47:10.992 [main] PatientApplication - No active profile set, falling back to default profiles: default
[INFO ] 2022-01-30 13:47:11.487 [main] RepositoryConfigurationDelegate - Bootstrapping Spring Data JPA repositories in DEFAULT mode.
[INFO ] 2022-01-30 13:47:11.516 [main] RepositoryConfigurationDelegate - Finished Spring Data repository scanning in 24 ms. Found 1 JPA repository interfaces.
[INFO ] 2022-01-30 13:47:11.927 [main] TomcatWebServer - Tomcat initialized with port(s): 8080 (http)
[INFO ] 2022-01-30 13:47:11.974 [main] ServletWebServerApplicationContext - Root WebApplicationContext: initialization completed in 936 ms
[INFO ] 2022-01-30 13:47:12.077 [main] LogHelper - HHH000204: Processing PersistenceUnitInfo [name: default]
[INFO ] 2022-01-30 13:47:12.108 [main] Version - HHH000412: Hibernate ORM core version 5.6.4.Final
[INFO ] 2022-01-30 13:47:12.197 [main] Version - HCANN000001: Hibernate Commons Annotations {5.1.2.Final}
[INFO ] 2022-01-30 13:47:12.387 [main] Dialect - HHH000400: Using dialect: org.hibernate.dialect.PostgreSQLDialect
[INFO ] 2022-01-30 13:47:12.725 [main] JtaPlatformInitiator - HHH000490: Using JtaPlatform implementation: [org.hibernate.engine.transaction.jta.platform.internal.NoJtaPlatform]
[INFO ] 2022-01-30 13:47:12.730 [main] LocalContainerEntityManagerFactoryBean - Initialized JPA EntityManagerFactory for persistence unit 'default'
[WARN ] 2022-01-30 13:47:13.154 [main] JpaBaseConfiguration$JpaWebConfiguration - spring.jpa.open-in-view is enabled by default. Therefore, database queries may be performed during view rendering. Explicitly configure spring.jpa.open-in-view to disable this warning
[INFO ] 2022-01-30 13:47:13.489 [main] TomcatWebServer - Tomcat started on port(s): 8080 (http) with context path ''
[INFO ] 2022-01-30 13:47:13.694 [main] PatientApplication - Started PatientApplication in 2.895 seconds (JVM running for 3.29)
[INFO ] 2022-01-30 13:47:37.752 [http-nio-8080-exec-1] DispatcherServlet - Initializing Servlet 'dispatcherServlet'
[INFO ] 2022-01-30 13:47:37.753 [http-nio-8080-exec-1] DispatcherServlet - Completed initialization in 1 ms
[WARN ] 2022-01-30 13:57:58.043 [http-nio-8080-exec-5] DefaultHandlerExceptionResolver - Resolved [org.springframework.web.HttpRequestMethodNotSupportedException: Request method 'POST' not supported]
[WARN ] 2022-01-30 13:59:23.332 [http-nio-8080-exec-1] DefaultHandlerExceptionResolver - Resolved [org.springframework.web.HttpRequestMethodNotSupportedException: Request method 'POST' not supported]
[WARN ] 2022-01-30 13:59:54.840 [http-nio-8080-exec-2] DefaultHandlerExceptionResolver - Resolved [org.springframework.web.HttpRequestMethodNotSupportedException: Request method 'POST' not supported]
[WARN ] 2022-01-30 14:00:18.958 [http-nio-8080-exec-6] DefaultHandlerExceptionResolver - Resolved [org.springframework.web.HttpRequestMethodNotSupportedException: Request method 'POST' not supported]
[WARN ] 2022-01-30 14:00:58.610 [http-nio-8080-exec-7] DefaultHandlerExceptionResolver - Resolved [org.springframework.web.HttpRequestMethodNotSupportedException: Request method 'POST' not supported]
[INFO ] 2022-01-30 14:11:52.397 [SpringApplicationShutdownHook] LocalContainerEntityManagerFactoryBean - Closing JPA EntityManagerFactory for persistence unit 'default'
[INFO ] 2022-01-30 14:12:56.628 [background-preinit] Version - HV000001: Hibernate Validator 6.2.0.Final
[INFO ] 2022-01-30 14:12:56.649 [main] PatientApplication - Starting PatientApplication using Java 1.8.0_312 on fedora with PID 22016 (/home/alex/IdeaProjects/Mediscreen/patient/build/classes/java/main started by alex in /home/alex/IdeaProjects/Mediscreen)
[INFO ] 2022-01-30 14:12:56.651 [main] PatientApplication - No active profile set, falling back to default profiles: default
[INFO ] 2022-01-30 14:12:57.184 [main] RepositoryConfigurationDelegate - Bootstrapping Spring Data JPA repositories in DEFAULT mode.
[INFO ] 2022-01-30 14:12:57.212 [main] RepositoryConfigurationDelegate - Finished Spring Data repository scanning in 22 ms. Found 1 JPA repository interfaces.
[INFO ] 2022-01-30 14:12:57.731 [main] TomcatWebServer - Tomcat initialized with port(s): 8080 (http)
[INFO ] 2022-01-30 14:12:57.799 [main] ServletWebServerApplicationContext - Root WebApplicationContext: initialization completed in 1127 ms
[INFO ] 2022-01-30 14:12:57.952 [main] LogHelper - HHH000204: Processing PersistenceUnitInfo [name: default]
[INFO ] 2022-01-30 14:12:57.984 [main] Version - HHH000412: Hibernate ORM core version 5.6.4.Final
[INFO ] 2022-01-30 14:12:58.098 [main] Version - HCANN000001: Hibernate Commons Annotations {5.1.2.Final}
[INFO ] 2022-01-30 14:12:58.325 [main] Dialect - HHH000400: Using dialect: org.hibernate.dialect.PostgreSQLDialect
[INFO ] 2022-01-30 14:12:58.848 [main] JtaPlatformInitiator - HHH000490: Using JtaPlatform implementation: [org.hibernate.engine.transaction.jta.platform.internal.NoJtaPlatform]
[INFO ] 2022-01-30 14:12:58.853 [main] LocalContainerEntityManagerFactoryBean - Initialized JPA EntityManagerFactory for persistence unit 'default'
[WARN ] 2022-01-30 14:12:59.386 [main] JpaBaseConfiguration$JpaWebConfiguration - spring.jpa.open-in-view is enabled by default. Therefore, database queries may be performed during view rendering. Explicitly configure spring.jpa.open-in-view to disable this warning
[INFO ] 2022-01-30 14:12:59.792 [main] TomcatWebServer - Tomcat started on port(s): 8080 (http) with context path ''
[INFO ] 2022-01-30 14:13:00.056 [main] PatientApplication - Started PatientApplication in 3.595 seconds (JVM running for 4.043)
[INFO ] 2022-01-30 14:13:06.603 [http-nio-8080-exec-1] DispatcherServlet - Initializing Servlet 'dispatcherServlet'
[INFO ] 2022-01-30 14:13:06.605 [http-nio-8080-exec-1] DispatcherServlet - Completed initialization in 1 ms
[INFO ] 2022-01-30 14:31:40.347 [SpringApplicationShutdownHook] LocalContainerEntityManagerFactoryBean - Closing JPA EntityManagerFactory for persistence unit 'default'
[INFO ] 2022-01-30 14:31:41.834 [background-preinit] Version - HV000001: Hibernate Validator 6.2.0.Final
[INFO ] 2022-01-30 14:31:41.858 [main] PatientApplication - Starting PatientApplication using Java 1.8.0_312 on fedora with PID 23670 (/home/alex/IdeaProjects/Mediscreen/patient/build/classes/java/main started by alex in /home/alex/IdeaProjects/Mediscreen)
[INFO ] 2022-01-30 14:31:41.860 [main] PatientApplication - No active profile set, falling back to default profiles: default
[INFO ] 2022-01-30 14:31:42.368 [main] RepositoryConfigurationDelegate - Bootstrapping Spring Data JPA repositories in DEFAULT mode.
[INFO ] 2022-01-30 14:31:42.398 [main] RepositoryConfigurationDelegate - Finished Spring Data repository scanning in 24 ms. Found 1 JPA repository interfaces.
[INFO ] 2022-01-30 14:31:42.785 [main] TomcatWebServer - Tomcat initialized with port(s): 8080 (http)
[INFO ] 2022-01-30 14:31:42.832 [main] ServletWebServerApplicationContext - Root WebApplicationContext: initialization completed in 927 ms
[INFO ] 2022-01-30 14:31:42.921 [main] LogHelper - HHH000204: Processing PersistenceUnitInfo [name: default]
[INFO ] 2022-01-30 14:31:42.946 [main] Version - HHH000412: Hibernate ORM core version 5.6.4.Final
[INFO ] 2022-01-30 14:31:43.057 [main] Version - HCANN000001: Hibernate Commons Annotations {5.1.2.Final}
[INFO ] 2022-01-30 14:31:43.290 [main] Dialect - HHH000400: Using dialect: org.hibernate.dialect.PostgreSQLDialect
[WARN ] 2022-01-30 14:31:43.637 [main] ExceptionHandlerLoggedImpl - GenerationTarget encountered exception accepting command : Error executing DDL "
    alter table patient 
       add column date_of_birth date not null" via JDBC Statement
org.hibernate.tool.schema.spi.CommandAcceptanceException: Error executing DDL "
    alter table patient 
       add column date_of_birth date not null" via JDBC Statement
	at org.hibernate.tool.schema.internal.exec.GenerationTargetToDatabase.accept(GenerationTargetToDatabase.java:67) ~[hibernate-core-5.6.4.Final.jar:5.6.4.Final]
	at org.hibernate.tool.schema.internal.AbstractSchemaMigrator.applySqlString(AbstractSchemaMigrator.java:581) ~[hibernate-core-5.6.4.Final.jar:5.6.4.Final]
	at org.hibernate.tool.schema.internal.AbstractSchemaMigrator.applySqlStrings(AbstractSchemaMigrator.java:602) ~[hibernate-core-5.6.4.Final.jar:5.6.4.Final]
	at org.hibernate.tool.schema.internal.AbstractSchemaMigrator.migrateTable(AbstractSchemaMigrator.java:314) ~[hibernate-core-5.6.4.Final.jar:5.6.4.Final]
	at org.hibernate.tool.schema.internal.GroupedSchemaMigratorImpl.performTablesMigration(GroupedSchemaMigratorImpl.java:78) ~[hibernate-core-5.6.4.Final.jar:5.6.4.Final]
	at org.hibernate.tool.schema.internal.AbstractSchemaMigrator.performMigration(AbstractSchemaMigrator.java:220) ~[hibernate-core-5.6.4.Final.jar:5.6.4.Final]
	at org.hibernate.tool.schema.internal.AbstractSchemaMigrator.doMigration(AbstractSchemaMigrator.java:123) ~[hibernate-core-5.6.4.Final.jar:5.6.4.Final]
	at org.hibernate.tool.schema.spi.SchemaManagementToolCoordinator.performDatabaseAction(SchemaManagementToolCoordinator.java:192) ~[hibernate-core-5.6.4.Final.jar:5.6.4.Final]
	at org.hibernate.tool.schema.spi.SchemaManagementToolCoordinator.process(SchemaManagementToolCoordinator.java:81) ~[hibernate-core-5.6.4.Final.jar:5.6.4.Final]
	at org.hibernate.internal.SessionFactoryImpl.<init>(SessionFactoryImpl.java:335) ~[hibernate-core-5.6.4.Final.jar:5.6.4.Final]
	at org.hibernate.boot.internal.SessionFactoryBuilderImpl.build(SessionFactoryBuilderImpl.java:471) ~[hibernate-core-5.6.4.Final.jar:5.6.4.Final]
	at org.hibernate.jpa.boot.internal.EntityManagerFactoryBuilderImpl.build(EntityManagerFactoryBuilderImpl.java:1498) ~[hibernate-core-5.6.4.Final.jar:5.6.4.Final]
	at org.springframework.orm.jpa.vendor.SpringHibernateJpaPersistenceProvider.createContainerEntityManagerFactory(SpringHibernateJpaPersistenceProvider.java:58) ~[spring-orm-5.3.15.jar:5.3.15]
	at org.springframework.orm.jpa.LocalContainerEntityManagerFactoryBean.createNativeEntityManagerFactory(LocalContainerEntityManagerFactoryBean.java:365) ~[spring-orm-5.3.15.jar:5.3.15]
	at org.springframework.orm.jpa.AbstractEntityManagerFactoryBean.buildNativeEntityManagerFactory(AbstractEntityManagerFactoryBean.java:409) ~[spring-orm-5.3.15.jar:5.3.15]
	at org.springframework.orm.jpa.AbstractEntityManagerFactoryBean.afterPropertiesSet(AbstractEntityManagerFactoryBean.java:396) ~[spring-orm-5.3.15.jar:5.3.15]
	at org.springframework.orm.jpa.LocalContainerEntityManagerFactoryBean.afterPropertiesSet(LocalContainerEntityManagerFactoryBean.java:341) ~[spring-orm-5.3.15.jar:5.3.15]
	at org.springframework.beans.factory.support.AbstractAutowireCapableBeanFactory.invokeInitMethods(AbstractAutowireCapableBeanFactory.java:1863) ~[spring-beans-5.3.15.jar:5.3.15]
	at org.springframework.beans.factory.support.AbstractAutowireCapableBeanFactory.initializeBean(AbstractAutowireCapableBeanFactory.java:1800) ~[spring-beans-5.3.15.jar:5.3.15]
	at org.springframework.beans.factory.support.AbstractAutowireCapableBeanFactory.doCreateBean(AbstractAutowireCapableBeanFactory.java:620) ~[spring-beans-5.3.15.jar:5.3.15]
	at org.springframework.beans.factory.support.AbstractAutowireCapableBeanFactory.createBean(AbstractAutowireCapableBeanFactory.java:542) ~[spring-beans-5.3.15.jar:5.3.15]
	at org.springframework.beans.factory.support.AbstractBeanFactory.lambda$doGetBean$0(AbstractBeanFactory.java:335) ~[spring-beans-5.3.15.jar:5.3.15]
	at org.springframework.beans.factory.support.DefaultSingletonBeanRegistry.getSingleton(DefaultSingletonBeanRegistry.java:234) [spring-beans-5.3.15.jar:5.3.15]
	at org.springframework.beans.factory.support.AbstractBeanFactory.doGetBean(AbstractBeanFactory.java:333) [spring-beans-5.3.15.jar:5.3.15]
	at org.springframework.beans.factory.support.AbstractBeanFactory.getBean(AbstractBeanFactory.java:208) [spring-beans-5.3.15.jar:5.3.15]
	at org.springframework.context.support.AbstractApplicationContext.getBean(AbstractApplicationContext.java:1154) [spring-context-5.3.15.jar:5.3.15]
	at org.springframework.context.support.AbstractApplicationContext.finishBeanFactoryInitialization(AbstractApplicationContext.java:908) [spring-context-5.3.15.jar:5.3.15]
	at org.springframework.context.support.AbstractApplicationContext.refresh(AbstractApplicationContext.java:583) [spring-context-5.3.15.jar:5.3.15]
	at org.springframework.boot.web.servlet.context.ServletWebServerApplicationContext.refresh(ServletWebServerApplicationContext.java:145) [spring-boot-2.6.3.jar:2.6.3]
	at org.springframework.boot.SpringApplication.refresh(SpringApplication.java:732) [spring-boot-2.6.3.jar:2.6.3]
	at org.springframework.boot.SpringApplication.refreshContext(SpringApplication.java:414) [spring-boot-2.6.3.jar:2.6.3]
	at org.springframework.boot.SpringApplication.run(SpringApplication.java:302) [spring-boot-2.6.3.jar:2.6.3]
	at org.springframework.boot.SpringApplication.run(SpringApplication.java:1303) [spring-boot-2.6.3.jar:2.6.3]
	at org.springframework.boot.SpringApplication.run(SpringApplication.java:1292) [spring-boot-2.6.3.jar:2.6.3]
	at com.mediscreen.patient.PatientApplication.main(PatientApplication.java:15) [main/:?]
Caused by: org.postgresql.util.PSQLException: ERROR: column "date_of_birth" of relation "patient" contains null values
	at org.postgresql.core.v3.QueryExecutorImpl.receiveErrorResponse(QueryExecutorImpl.java:2674) ~[postgresql-42.3.1.jar:42.3.1]
	at org.postgresql.core.v3.QueryExecutorImpl.processResults(QueryExecutorImpl.java:2364) ~[postgresql-42.3.1.jar:42.3.1]
	at org.postgresql.core.v3.QueryExecutorImpl.execute(QueryExecutorImpl.java:354) ~[postgresql-42.3.1.jar:42.3.1]
	at org.postgresql.jdbc.PgStatement.executeInternal(PgStatement.java:484) ~[postgresql-42.3.1.jar:42.3.1]
	at org.postgresql.jdbc.PgStatement.execute(PgStatement.java:404) ~[postgresql-42.3.1.jar:42.3.1]
	at org.postgresql.jdbc.PgStatement.executeWithFlags(PgStatement.java:325) ~[postgresql-42.3.1.jar:42.3.1]
	at org.postgresql.jdbc.PgStatement.executeCachedSql(PgStatement.java:311) ~[postgresql-42.3.1.jar:42.3.1]
	at org.postgresql.jdbc.PgStatement.executeWithFlags(PgStatement.java:287) ~[postgresql-42.3.1.jar:42.3.1]
	at org.postgresql.jdbc.PgStatement.execute(PgStatement.java:282) ~[postgresql-42.3.1.jar:42.3.1]
	at com.zaxxer.hikari.pool.ProxyStatement.execute(ProxyStatement.java:94) ~[HikariCP-4.0.3.jar:?]
	at com.zaxxer.hikari.pool.HikariProxyStatement.execute(HikariProxyStatement.java) ~[HikariCP-4.0.3.jar:?]
	at org.hibernate.tool.schema.internal.exec.GenerationTargetToDatabase.accept(GenerationTargetToDatabase.java:54) ~[hibernate-core-5.6.4.Final.jar:5.6.4.Final]
	... 34 more
[INFO ] 2022-01-30 14:31:43.643 [main] JtaPlatformInitiator - HHH000490: Using JtaPlatform implementation: [org.hibernate.engine.transaction.jta.platform.internal.NoJtaPlatform]
[INFO ] 2022-01-30 14:31:43.649 [main] LocalContainerEntityManagerFactoryBean - Initialized JPA EntityManagerFactory for persistence unit 'default'
[WARN ] 2022-01-30 14:31:44.100 [main] JpaBaseConfiguration$JpaWebConfiguration - spring.jpa.open-in-view is enabled by default. Therefore, database queries may be performed during view rendering. Explicitly configure spring.jpa.open-in-view to disable this warning
[INFO ] 2022-01-30 14:31:44.402 [main] TomcatWebServer - Tomcat started on port(s): 8080 (http) with context path ''
[INFO ] 2022-01-30 14:31:44.574 [main] PatientApplication - Started PatientApplication in 2.896 seconds (JVM running for 3.267)
[INFO ] 2022-01-30 14:36:20.570 [SpringApplicationShutdownHook] LocalContainerEntityManagerFactoryBean - Closing JPA EntityManagerFactory for persistence unit 'default'
[INFO ] 2022-01-30 14:36:21.787 [background-preinit] Version - HV000001: Hibernate Validator 6.2.0.Final
[INFO ] 2022-01-30 14:36:21.815 [main] PatientApplication - Starting PatientApplication using Java 1.8.0_312 on fedora with PID 25395 (/home/alex/IdeaProjects/Mediscreen/patient/build/classes/java/main started by alex in /home/alex/IdeaProjects/Mediscreen)
[INFO ] 2022-01-30 14:36:21.817 [main] PatientApplication - No active profile set, falling back to default profiles: default
[INFO ] 2022-01-30 14:36:22.342 [main] RepositoryConfigurationDelegate - Bootstrapping Spring Data JPA repositories in DEFAULT mode.
[INFO ] 2022-01-30 14:36:22.373 [main] RepositoryConfigurationDelegate - Finished Spring Data repository scanning in 24 ms. Found 1 JPA repository interfaces.
[INFO ] 2022-01-30 14:36:22.779 [main] TomcatWebServer - Tomcat initialized with port(s): 8080 (http)
[INFO ] 2022-01-30 14:36:22.839 [main] ServletWebServerApplicationContext - Root WebApplicationContext: initialization completed in 999 ms
[INFO ] 2022-01-30 14:36:22.932 [main] LogHelper - HHH000204: Processing PersistenceUnitInfo [name: default]
[INFO ] 2022-01-30 14:36:22.958 [main] Version - HHH000412: Hibernate ORM core version 5.6.4.Final
[INFO ] 2022-01-30 14:36:23.048 [main] Version - HCANN000001: Hibernate Commons Annotations {5.1.2.Final}
[INFO ] 2022-01-30 14:36:23.220 [main] Dialect - HHH000400: Using dialect: org.hibernate.dialect.PostgreSQLDialect
[INFO ] 2022-01-30 14:36:23.564 [main] JtaPlatformInitiator - HHH000490: Using JtaPlatform implementation: [org.hibernate.engine.transaction.jta.platform.internal.NoJtaPlatform]
[INFO ] 2022-01-30 14:36:23.569 [main] LocalContainerEntityManagerFactoryBean - Initialized JPA EntityManagerFactory for persistence unit 'default'
[WARN ] 2022-01-30 14:36:23.979 [main] JpaBaseConfiguration$JpaWebConfiguration - spring.jpa.open-in-view is enabled by default. Therefore, database queries may be performed during view rendering. Explicitly configure spring.jpa.open-in-view to disable this warning
[INFO ] 2022-01-30 14:36:24.283 [main] TomcatWebServer - Tomcat started on port(s): 8080 (http) with context path ''
[INFO ] 2022-01-30 14:36:24.481 [main] PatientApplication - Started PatientApplication in 2.868 seconds (JVM running for 3.325)
[INFO ] 2022-01-30 14:48:16.723 [http-nio-8080-exec-2] DispatcherServlet - Initializing Servlet 'dispatcherServlet'
[INFO ] 2022-01-30 14:48:16.724 [http-nio-8080-exec-2] DispatcherServlet - Completed initialization in 1 ms
[INFO ] 2022-01-30 14:48:44.864 [SpringApplicationShutdownHook] LocalContainerEntityManagerFactoryBean - Closing JPA EntityManagerFactory for persistence unit 'default'
[INFO ] 2022-01-30 14:48:46.196 [background-preinit] Version - HV000001: Hibernate Validator 6.2.0.Final
[INFO ] 2022-01-30 14:48:46.220 [main] PatientApplication - Starting PatientApplication using Java 1.8.0_312 on fedora with PID 25995 (/home/alex/IdeaProjects/Mediscreen/patient/build/classes/java/main started by alex in /home/alex/IdeaProjects/Mediscreen)
[INFO ] 2022-01-30 14:48:46.222 [main] PatientApplication - No active profile set, falling back to default profiles: default
[INFO ] 2022-01-30 14:48:46.732 [main] RepositoryConfigurationDelegate - Bootstrapping Spring Data JPA repositories in DEFAULT mode.
[INFO ] 2022-01-30 14:48:46.762 [main] RepositoryConfigurationDelegate - Finished Spring Data repository scanning in 23 ms. Found 1 JPA repository interfaces.
[INFO ] 2022-01-30 14:48:47.175 [main] TomcatWebServer - Tomcat initialized with port(s): 8080 (http)
[INFO ] 2022-01-30 14:48:47.225 [main] ServletWebServerApplicationContext - Root WebApplicationContext: initialization completed in 959 ms
[INFO ] 2022-01-30 14:48:47.307 [main] LogHelper - HHH000204: Processing PersistenceUnitInfo [name: default]
[INFO ] 2022-01-30 14:48:47.332 [main] Version - HHH000412: Hibernate ORM core version 5.6.4.Final
[INFO ] 2022-01-30 14:48:47.422 [main] Version - HCANN000001: Hibernate Commons Annotations {5.1.2.Final}
[INFO ] 2022-01-30 14:48:47.590 [main] Dialect - HHH000400: Using dialect: org.hibernate.dialect.PostgreSQLDialect
[INFO ] 2022-01-30 14:48:47.915 [main] JtaPlatformInitiator - HHH000490: Using JtaPlatform implementation: [org.hibernate.engine.transaction.jta.platform.internal.NoJtaPlatform]
[INFO ] 2022-01-30 14:48:47.919 [main] LocalContainerEntityManagerFactoryBean - Initialized JPA EntityManagerFactory for persistence unit 'default'
[WARN ] 2022-01-30 14:48:48.321 [main] JpaBaseConfiguration$JpaWebConfiguration - spring.jpa.open-in-view is enabled by default. Therefore, database queries may be performed during view rendering. Explicitly configure spring.jpa.open-in-view to disable this warning
[INFO ] 2022-01-30 14:48:48.644 [main] TomcatWebServer - Tomcat started on port(s): 8080 (http) with context path ''
[INFO ] 2022-01-30 14:48:48.827 [main] PatientApplication - Started PatientApplication in 2.8 seconds (JVM running for 3.217)
[INFO ] 2022-01-30 14:48:51.336 [http-nio-8080-exec-2] DispatcherServlet - Initializing Servlet 'dispatcherServlet'
[INFO ] 2022-01-30 14:48:51.338 [http-nio-8080-exec-2] DispatcherServlet - Completed initialization in 2 ms
[INFO ] 2022-01-30 15:03:25.254 [SpringApplicationShutdownHook] LocalContainerEntityManagerFactoryBean - Closing JPA EntityManagerFactory for persistence unit 'default'
[INFO ] 2022-01-30 15:05:04.672 [background-preinit] Version - HV000001: Hibernate Validator 6.2.0.Final
[INFO ] 2022-01-30 15:05:04.699 [main] PatientApplication - Starting PatientApplication using Java 1.8.0_312 on fedora with PID 28032 (/home/alex/IdeaProjects/Mediscreen/patient/build/classes/java/main started by alex in /home/alex/IdeaProjects/Mediscreen)
[INFO ] 2022-01-30 15:05:04.702 [main] PatientApplication - No active profile set, falling back to default profiles: default
[INFO ] 2022-01-30 15:05:05.227 [main] RepositoryConfigurationDelegate - Bootstrapping Spring Data JPA repositories in DEFAULT mode.
[INFO ] 2022-01-30 15:05:05.259 [main] RepositoryConfigurationDelegate - Finished Spring Data repository scanning in 26 ms. Found 1 JPA repository interfaces.
[INFO ] 2022-01-30 15:05:05.790 [main] TomcatWebServer - Tomcat initialized with port(s): 8080 (http)
[INFO ] 2022-01-30 15:05:05.842 [main] ServletWebServerApplicationContext - Root WebApplicationContext: initialization completed in 1099 ms
[INFO ] 2022-01-30 15:05:05.934 [main] LogHelper - HHH000204: Processing PersistenceUnitInfo [name: default]
[INFO ] 2022-01-30 15:05:05.968 [main] Version - HHH000412: Hibernate ORM core version 5.6.4.Final
[INFO ] 2022-01-30 15:05:06.062 [main] Version - HCANN000001: Hibernate Commons Annotations {5.1.2.Final}
[INFO ] 2022-01-30 15:05:06.240 [main] Dialect - HHH000400: Using dialect: org.hibernate.dialect.PostgreSQLDialect
[INFO ] 2022-01-30 15:05:06.564 [main] JtaPlatformInitiator - HHH000490: Using JtaPlatform implementation: [org.hibernate.engine.transaction.jta.platform.internal.NoJtaPlatform]
[INFO ] 2022-01-30 15:05:06.569 [main] LocalContainerEntityManagerFactoryBean - Initialized JPA EntityManagerFactory for persistence unit 'default'
[WARN ] 2022-01-30 15:05:06.950 [main] JpaBaseConfiguration$JpaWebConfiguration - spring.jpa.open-in-view is enabled by default. Therefore, database queries may be performed during view rendering. Explicitly configure spring.jpa.open-in-view to disable this warning
[INFO ] 2022-01-30 15:05:07.353 [main] TomcatWebServer - Tomcat started on port(s): 8080 (http) with context path ''
[INFO ] 2022-01-30 15:05:07.530 [main] PatientApplication - Started PatientApplication in 3.049 seconds (JVM running for 3.452)
[INFO ] 2022-01-30 15:05:08.777 [http-nio-8080-exec-1] DispatcherServlet - Initializing Servlet 'dispatcherServlet'
[INFO ] 2022-01-30 15:05:08.779 [http-nio-8080-exec-1] DispatcherServlet - Completed initialization in 2 ms
[INFO ] 2022-01-30 15:10:29.581 [SpringApplicationShutdownHook] LocalContainerEntityManagerFactoryBean - Closing JPA EntityManagerFactory for persistence unit 'default'
[INFO ] 2022-01-30 15:11:37.679 [background-preinit] Version - HV000001: Hibernate Validator 6.2.0.Final
[INFO ] 2022-01-30 15:11:37.707 [main] PatientApplication - Starting PatientApplication using Java 1.8.0_312 on fedora with PID 29742 (/home/alex/IdeaProjects/Mediscreen/patient/build/classes/java/main started by alex in /home/alex/IdeaProjects/Mediscreen)
[INFO ] 2022-01-30 15:11:37.711 [main] PatientApplication - No active profile set, falling back to default profiles: default
[INFO ] 2022-01-30 15:11:38.436 [main] RepositoryConfigurationDelegate - Bootstrapping Spring Data JPA repositories in DEFAULT mode.
[INFO ] 2022-01-30 15:11:38.477 [main] RepositoryConfigurationDelegate - Finished Spring Data repository scanning in 32 ms. Found 1 JPA repository interfaces.
[INFO ] 2022-01-30 15:11:38.904 [main] TomcatWebServer - Tomcat initialized with port(s): 8080 (http)
[INFO ] 2022-01-30 15:11:38.960 [main] ServletWebServerApplicationContext - Root WebApplicationContext: initialization completed in 1156 ms
[INFO ] 2022-01-30 15:11:39.061 [main] LogHelper - HHH000204: Processing PersistenceUnitInfo [name: default]
[INFO ] 2022-01-30 15:11:39.100 [main] Version - HHH000412: Hibernate ORM core version 5.6.4.Final
[INFO ] 2022-01-30 15:11:39.239 [main] Version - HCANN000001: Hibernate Commons Annotations {5.1.2.Final}
[INFO ] 2022-01-30 15:11:39.484 [main] Dialect - HHH000400: Using dialect: org.hibernate.dialect.PostgreSQLDialect
[INFO ] 2022-01-30 15:11:39.970 [main] JtaPlatformInitiator - HHH000490: Using JtaPlatform implementation: [org.hibernate.engine.transaction.jta.platform.internal.NoJtaPlatform]
[INFO ] 2022-01-30 15:11:39.974 [main] LocalContainerEntityManagerFactoryBean - Initialized JPA EntityManagerFactory for persistence unit 'default'
[WARN ] 2022-01-30 15:11:40.601 [main] JpaBaseConfiguration$JpaWebConfiguration - spring.jpa.open-in-view is enabled by default. Therefore, database queries may be performed during view rendering. Explicitly configure spring.jpa.open-in-view to disable this warning
[INFO ] 2022-01-30 15:11:41.041 [main] TomcatWebServer - Tomcat started on port(s): 8080 (http) with context path ''
[INFO ] 2022-01-30 15:11:41.287 [main] PatientApplication - Started PatientApplication in 3.806 seconds (JVM running for 4.23)
[INFO ] 2022-01-30 15:11:47.895 [http-nio-8080-exec-1] DispatcherServlet - Initializing Servlet 'dispatcherServlet'
[INFO ] 2022-01-30 15:11:47.897 [http-nio-8080-exec-1] DispatcherServlet - Completed initialization in 2 ms
